1507478655622	geckodriver	INFO	geckodriver 0.19.0
1507478655639	geckodriver	INFO	Listening on 127.0.0.1:55051
1507478657670	mozrunner::runner	INFO	Running command: "d:\\Program Files (x86)\\Mozilla Firefox\\firefox.exe" "-marionette" "-profile" "C:\\Users\\ADMINI~1\\AppData\\Local\\Temp\\rust_mozprofile.t24Hmh6Nt1yK"
1507478658799	addons.xpi	WARN	Error parsing extensions state: [Exception... "Component returned failure code: 0x80520012 (NS_ERROR_FILE_NOT_FOUND) [amIAddonManagerStartup.readStartupData]"  nsresult: "0x80520012 (NS_ERROR_FILE_NOT_FOUND)"  location: "JS frame :: resource://gre/modules/addons/XPIProvider.jsm :: loadExtensionState :: line 1596"  data: no] Stack trace: loadExtensionState()@resource://gre/modules/addons/XPIProvider.jsm:1596 < getInstallState()@resource://gre/modules/addons/XPIProvider.jsm:1631 < checkForChanges()@resource://gre/modules/addons/XPIProvider.jsm:3152 < startup()@resource://gre/modules/addons/XPIProvider.jsm:2246 < callProvider()@resource://gre/modules/AddonManager.jsm:271 < _startProvider()@resource://gre/modules/AddonManager.jsm:741 < startup()@resource://gre/modules/AddonManager.jsm:908 < startup()@resource://gre/modules/AddonManager.jsm:3122 < observe()@jar:file:///d:/Program%20Files%20(x86)/Mozilla%20Firefox/omni.ja!/components/addonManager.js:65
1507478659431	Marionette	INFO	Enabled via --marionette
JavaScript error: resource:///modules/ExtensionsUI.jsm, line 50: TypeError: RecentWindow.getMostRecentBrowserWindow(...) is null
1507478661485	Marionette	INFO	Listening on port 55057
1507478661487	Marionette	INFO	Listening on port 55057
1507478661875	Marionette	WARN	TLS certificate errors will be ignored for this session
1507478661935	Marionette	DEBUG	loaded listener.js
1507478662012	Marionette	DEBUG	Received DOM event "beforeunload" for "about:blank"
1507478662482	Marionette	DEBUG	Received DOM event "pagehide" for "about:blank"
1507478662482	Marionette	DEBUG	Received DOM event "unload" for "about:blank"
1507478662946	Marionette	DEBUG	Received DOM event "DOMContentLoaded" for "https://www.baidu.com/"
1507478666864	Marionette	DEBUG	Received DOM event "pageshow" for "https://www.baidu.com/"
[GPU 1472] WARNING: pipe error: 109: file c:/builds/moz2_slave/m-rel-w32-00000000000000000000/build/src/ipc/chromium/src/chrome/common/ipc_channel_win.cc, line 346
1507478669650	addons.productaddons	WARN	Failed downloading via XHR, status: 0, reason: error
[Child 6104] WARNING: pipe error: 109: file c:/builds/moz2_slave/m-rel-w32-00000000000000000000/build/src/ipc/chromium/src/chrome/common/ipc_channel_win.cc, line 346
[GPU 1472] WARNING: pipe error: 109: file c:/builds/moz2_slave/m-rel-w32-00000000000000000000/build/src/ipc/chromium/src/chrome/common/ipc_channel_win.cc, line 346

###!!! [Child][MessageChannel::SendAndWait] Error: Channel error: cannot send/recv

