1503733120793	geckodriver	INFO	geckodriver 0.18.0
1503733120814	geckodriver	INFO	Listening on 127.0.0.1:20982
1503733122842	geckodriver::marionette	INFO	Starting browser C:\Program Files (x86)\Mozilla Firefox\firefox.exe with args ["-marionette"]
1503733124240	Marionette	INFO	Enabled via --marionette
1503733127722	Marionette	INFO	Listening on port 20988
1503733127823	Marionette	INFO	Listening on port 20988
1503733128255	Marionette	WARN	TLS certificate errors will be ignored for this session
1503733128334	Marionette	DEBUG	loaded listener.js
1503733128414	Marionette	DEBUG	Received DOM event "beforeunload" for "about:blank"
1503733128426	Marionette	DEBUG	Received DOM event "beforeunload" for "about:blank"
1503733139711	addons.productaddons	WARN	Failed downloading via XHR, status: 0, reason: error
[Child 4544] WARNING: pipe error: 109: file c:/builds/moz2_slave/m-rel-w32-00000000000000000000/build/src/ipc/chromium/src/chrome/common/ipc_channel_win.cc, line 346
tps://www.hao123.com/"
1503590699076	Marionette	DEBUG	Received DOM event "pageshow" for "https://www.hao123.com/"
1503590746169	addons.productaddons	WARN	Failed downloading via XHR, status: 0, reason: error
[Child 9604] WARNING: pipe error: 109: file c:/builds/moz2_slave/m-rel-w32-00000000000000000000/build/src/ipc/chromium/src/chrome/common/ipc_channel_win.cc, line 346
ipc_channel_win.cc, line 346
[Child 10852] WARNING: pipe error: 109: file c:/builds/moz2_slave/m-rel-w32-00000000000000000000/build/src/ipc/chromium/src/chrome/common/ipc_channel_win.cc, line 346
[Child 10852] WARNING: pipe error: 109: file c:/builds/moz2_slave/m-rel-w32-00000000000000000000/build/src/ipc/chromium/src/chrome/common/ipc_channel_win.cc, line 346

###!!! [Child][RunMessage] Error: Channel closing: too late to send/recv, messages will be lost

 error code!

###!!! [Parent][DispatchAsyncMessage] Error: PLayerTransaction::Msg_ReleaseLayer Processing error: message was deserialized, but the handler returned false (indicating failure)

console.log: plural-form.js: Index #1 of '再显示一个节点；显示全部 #1 个节点' for value 313 is invalid -- plural rule #1;

console.log: plural-form.js: Index #1 of '再显示一个节点；显示全部 #1 个节点' for value 313 is invalid -- plural rule #1;

console.log: plural-form.js: Index #1 of '再显示一个节点；显示全部 #1 个节点' for value 313 is invalid -- plural rule #1;

[Child 9624] WARNING: pipe error: 109: file c:/builds/moz2_slave/m-rel-w32-00000000000000000000/build/src/ipc/chromium/src/chrome/common/ipc_channel_win.cc, line 346
[Child 9624] WARNING: pipe error: 109: file c:/builds/moz2_slave/m-rel-w32-00000000000000000000/build/src/ipc/chromium/src/chrome/common/ipc_channel_win.cc, line 346

###!!! [Child][RunMessage] Error: Channel closing: too late to send/recv, messages will be lost

0000000000000/build/src/ipc/chromium/src/chrome/common/ipc_channel_win.cc, line 346
kit/loader.js -> resource://devtools/shared/sourcemap/source-map.js:1281:20
_fetchSourceMap/fetching<@resource://gre/modules/commonjs/toolkit/loader.js -> resource://devtools/server/actors/utils/TabSources.js:458:19
process@resource://gre/modules/Promise.jsm -> resource://gre/modules/Promise-backend.js:922:23
walkerLoop@resource://gre/modules/Promise.jsm -> resource://gre/modules/Promise-backend.js:806:7
scheduleWalkerLoop/<@resource://gre/modules/Promise.jsm -> resource://gre/modules/Promise-backend.js:742:11
Line: 1281, column: 20
TabSources.prototype._fetchSourceMap threw an exception: SyntaxError: JSON.parse: unexpected character at line 1 column 1 of the JSON data
Stack: SourceMapConsumer@resource://gre/modules/commonjs/toolkit/loader.js -> resource://devtools/shared/sourcemap/source-map.js:1281:20
_fetchSourceMap/fetching<@resource://gre/modules/commonjs/toolkit/loader.js -> resource://devtools/server/actors/utils/TabSources.js:458:19
process@resource://gre/modules/Promise.jsm -> resource://gre/modules/Promise-backend.js:922:23
walkerLoop@resource://gre/modules/Promise.jsm -> resource://gre/modules/Promise-backend.js:806:7
scheduleWalkerLoop/<@resource://gre/modules/Promise.jsm -> resource://gre/modules/Promise-backend.js:742:11
Line: 1281, column: 20
console.error: 
  TabSources.prototype._fetchSourceMap threw an exception: SyntaxError: JSON.parse: unexpected character at line 1 column 1 of the JSON data
Stack: SourceMapConsumer@resource://gre/modules/commonjs/toolkit/loader.js -> resource://devtools/shared/sourcemap/source-map.js:1281:20
_fetchSourceMap/fetching<@resource://gre/modules/commonjs/toolkit/loader.js -> resource://devtools/server/actors/utils/TabSources.js:458:19
process@resource://gre/modules/Promise.jsm -> resource://gre/modules/Promise-backend.js:922:23
walkerLoop@resource://gre/modules/Promise.jsm -> resource://gre/modules/Promise-backend.js:806:7
scheduleWalkerLoop/<@resource://gre/modules/Promise.jsm -> resource://gre/modules/Promise-backend.js:742:11
Line: 1281, column: 20
JavaScript error: http://115.29.142.212:8020/Home/Advertisement/periodical?key=meizhu_web&default_key=meizhu_web_default&callback=jQuery1112022828308936532005_1503588053812&_=1503588053813, line 1: SyntaxError: expected expression, got '<'
1503588168309	Marionette	DEBUG	loaded listener.js
1503588187096	Marionette	DEBUG	loaded listener.js
JavaScript error: http://beacon.sina.com.cn/h.js, line 1: ReferenceError: etag_ngx_str is not defined
1503588197011	Marionette	DEBUG	loaded listener.js
JavaScript warning: http://www.qq.com/, line 1027: SyntaxError: 08 is not a legal ECMA-262 octal constant
JavaScript warning: http://www.qq.com/, line 1027: SyntaxError: 08 is not a legal ECMA-262 octal constant
JavaScript warning: http://mat1.gtimg.com/www/asset/seajs/sea.js, line 25: Using //@ to indicate sourceMappingURL pragmas is deprecated. Use //# instead
1503588202979	Marionette	DEBUG	loaded listener.js
1503588209353	Marionette	DEBUG	loaded listener.js
JavaScript warning: http://www.qq.com/, line 1027: SyntaxError: 08 is not a legal ECMA-262 octal constant
JavaScript warning: http://www.qq.com/, line 1027: SyntaxError: 08 is not a legal ECMA-262 octal constant
JavaScript warning: http://mat1.gtimg.com/www/asset/seajs/sea.js, line 25: Using //@ to indicate sourceMappingURL pragmas is deprecated. Use //# instead
JavaScript warning: http://www.sina.com.cn/js/79/index2016/v0503/shms.js, line 288: unreachable code after return statement
JavaScript error: http://www.sina.com.cn/js/79/index2016/v0503/shms.js, line 4669: TypeError: window.sessionStorage is null
console.log: plural-form.js: Index #1 of '再显示一个节点；显示全部 #1 个节点' for value 313 is invalid -- plural rule #1;


###!!! [Child][RunMessage] Error: Channel closing: too late to send/recv, messages will be lost

[Child 3536] WARNING: pipe error: 109: file c:/builds/moz2_slave/m-rel-w32-00000000000000000000/build/src/ipc/chromium/src/chrome/common/ipc_channel_win.cc, line 346
[Child 3536] WARNING: pipe error: 109: file c:/builds/moz2_slave/m-rel-w32-00000000000000000000/build/src/ipc/chromium/src/chrome/common/ipc_channel_win.cc, line 346
s/commonjs/toolkit/loader.js -> resource://devtools/shared/sourcemap/source-map.js:1281:20
_fetchSourceMap/fetching<@resource://gre/modules/commonjs/toolkit/loader.js -> resource://devtools/server/actors/utils/TabSources.js:458:19
process@resource://gre/modules/Promise.jsm -> resource://gre/modules/Promise-backend.js:922:23
walkerLoop@resource://gre/modules/Promise.jsm -> resource://gre/modules/Promise-backend.js:806:7
scheduleWalkerLoop/<@resource://gre/modules/Promise.jsm -> resource://gre/modules/Promise-backend.js:742:11
Line: 1281, column: 20
[Child 11932] WARNING: pipe error: 109: file c:/builds/moz2_slave/m-rel-w32-00000000000000000000/build/src/ipc/chromium/src/chrome/common/ipc_channel_win.cc, line 346

###!!! [Parent][MessageChannel] Error: (msgtype=0x28008C,name=PBrowser::Msg_UpdateNativeWindowHandle) Closed channel: cannot send/recv


###!!! [Parent][MessageChannel] Error: (msgtype=0x280080,name=PBrowser::Msg_Destroy) Closed channel: cannot send/recv

[Child 11932] WARNING: pipe error: 109: file c:/builds/moz2_slave/m-rel-w32-00000000000000000000/build/src/ipc/chromium/src/chrome/common/ipc_channel_win.cc, line 346

###!!! [Child][MessageChannel] Error: (msgtype=0x280001,name=PBrowser::Msg_AsyncMessage) Closed channel: cannot send/recv

JavaScript error: resource://gre/modules/commonjs/toolkit/loader.js -> resource://devtools/shared/transport/transport.js, line 767: NS_ERROR_UNEXPECTED: Component returned failure code: 0x8000ffff (NS_ERROR_UNEXPECTED) [nsIMessageSender.sendAsyncMessage]

###!!! [Child][MessageChannel] Error: (msgtype=0x280001,name=PBrowser::Msg_AsyncMessage) Closed channel: cannot send/recv

JavaScript error: chrome://browser/content/tab-content.js, line 329: NS_ERROR_UNEXPECTED: Component returned failure code: 0x8000ffff (NS_ERROR_UNEXPECTED) [nsIMessageSender.sendAsyncMessage]

###!!! [Child][MessageChannel] Error: (msgtype=0x280001,name=PBrowser::Msg_AsyncMessage) Closed channel: cannot send/recv

JavaScript error: chrome://browser/content/content.js, line 756: NS_ERROR_UNEXPECTED: Component returned failure code: 0x8000ffff (NS_ERROR_UNEXPECTED) [nsIMessageSender.sendAsyncMessage]

###!!! [Child][MessageChannel] Error: (msgtype=0x280001,name=PBrowser::Msg_AsyncMessage) Closed channel: cannot send/recv

JavaScript error: chrome://global/content/browser-child.js, line 114: NS_ERROR_UNEXPECTED: Component returned failure code: 0x8000ffff (NS_ERROR_UNEXPECTED) [nsIMessageSender.sendAsyncMessage]

###!!! [Child][MessageChannel] Error: (msgtype=0x10A0002,name=PWebSocket::Msg_Close) Closed channel: cannot send/recv


###!!! [Child][MessageChannel] Error: (msgtype=0x28002D,name=PBrowser::Msg_SetInputContext) Closed channel: cannot send/recv


###!!! [Parent][RunMessage] Error: Channel error: cannot send/recv


###!!! [Parent][RunMessage] Error: Channel error: cannot send/recv


###!!! [Parent][RunMessage] Error: Channel error: cannot send/recv

